生成启动时间为 2018/2/18 0:02:43。
     1>项目“H:\Self Code\C++\C-21-\Day13\Day13\Day13.vcxproj”在节点 2 上(Build 个目标)。
     1>ClCompile:
         C:\Program Files (x86)\Microsoft Visual Studio 12.0\VC\bin\CL.exe /c /ZI /nologo /W3 /WX- /sdl /Od /Oy- /D _MBCS /Gm /EHsc /RTC1 /MDd /GS /fp:precise /Zc:wchar_t /Zc:forScope /Fo"Debug\\" /Fd"Debug\vc120.pdb" /Gd /TP /analyze- /errorReport:prompt Day13.cpp
         Day13.cpp
     1>h:\self code\c++\c-21-\day13\day13\day13.cpp(44): warning C4305: “参数”: 从“double”到“float”截断
     1>h:\self code\c++\c-21-\day13\day13\day13.cpp(45): warning C4305: “参数”: 从“double”到“float”截断
     1>h:\self code\c++\c-21-\day13\day13\day13.cpp(47): warning C4101: “p”: 未引用的局部变量
       Link:
         C:\Program Files (x86)\Microsoft Visual Studio 12.0\VC\bin\link.exe /ERRORREPORT:PROMPT /OUT:"H:\Self Code\C++\C-21-\Day13\Debug\Day13.exe" /INCREMENTAL /NOLOGO kernel32.lib user32.lib gdi32.lib winspool.lib comdlg32.lib advapi32.lib shell32.lib ole32.lib oleaut32.lib uuid.lib odbc32.lib odbccp32.lib /MANIFEST /MANIFESTUAC:"level='asInvoker' uiAccess='false'" /manifest:embed /DEBUG /PDB:"H:\Self Code\C++\C-21-\Day13\Debug\Day13.pdb" /TLBID:1 /DYNAMICBASE /NXCOMPAT /IMPLIB:"H:\Self Code\C++\C-21-\Day13\Debug\Day13.lib" /MACHINE:X86 Debug\Day13.obj
     1>Day13.obj : error LNK2019: 无法解析的外部符号 "public: __thiscall Graduate::Graduate(int,class std::basic_string<char,struct std::char_traits<char>,class std::allocator<char> >,float,float)" (??0Graduate@@QAE@HV?$basic_string@DU?$char_traits@D@std@@V?$allocator@D@2@@std@@MM@Z)，该符号在函数 _main 中被引用
     1>H:\Self Code\C++\C-21-\Day13\Debug\Day13.exe : fatal error LNK1120: 1 个无法解析的外部命令
     1>已完成生成项目“H:\Self Code\C++\C-21-\Day13\Day13\Day13.vcxproj”(Build 个目标)的操作 - 失败。

生成失败。

已用时间 00:00:00.90
